[2025-11-22T18:48:21.857Z] info: kubernetes.yaml was copied to the config folder
[2025-11-22T18:51:28.182Z] error: Host validation failed for: hub.crystalpine.dev. Hint: Set the HOMEPAGE_ALLOWED_HOSTS environment variable to allow requests from this host / port.
[2025-11-22T18:51:28.444Z] error: Host validation failed for: hub.crystalpine.dev. Hint: Set the HOMEPAGE_ALLOWED_HOSTS environment variable to allow requests from this host / port.
[2025-11-22T18:51:28.542Z] error: Host validation failed for: hub.crystalpine.dev. Hint: Set the HOMEPAGE_ALLOWED_HOSTS environment variable to allow requests from this host / port.
[2025-11-22T18:51:28.550Z] error: Host validation failed for: hub.crystalpine.dev. Hint: Set the HOMEPAGE_ALLOWED_HOSTS environment variable to allow requests from this host / port.
[2025-11-22T18:51:28.555Z] error: Host validation failed for: hub.crystalpine.dev. Hint: Set the HOMEPAGE_ALLOWED_HOSTS environment variable to allow requests from this host / port.
[2025-11-22T18:51:28.560Z] error: Host validation failed for: hub.crystalpine.dev. Hint: Set the HOMEPAGE_ALLOWED_HOSTS environment variable to allow requests from this host / port.
[2025-11-22T18:51:28.565Z] error: Host validation failed for: hub.crystalpine.dev. Hint: Set the HOMEPAGE_ALLOWED_HOSTS environment variable to allow requests from this host / port.
[2025-11-22T18:51:28.571Z] error: Host validation failed for: hub.crystalpine.dev. Hint: Set the HOMEPAGE_ALLOWED_HOSTS environment variable to allow requests from this host / port.
[2025-11-22T18:51:28.578Z] error: Host validation failed for: hub.crystalpine.dev. Hint: Set the HOMEPAGE_ALLOWED_HOSTS environment variable to allow requests from this host / port.
[2025-11-22T18:51:28.585Z] error: Host validation failed for: hub.crystalpine.dev. Hint: Set the HOMEPAGE_ALLOWED_HOSTS environment variable to allow requests from this host / port.
[2025-11-22T18:51:28.607Z] error: Host validation failed for: hub.crystalpine.dev. Hint: Set the HOMEPAGE_ALLOWED_HOSTS environment variable to allow requests from this host / port.
[2025-11-22T18:51:28.611Z] error: Host validation failed for: hub.crystalpine.dev. Hint: Set the HOMEPAGE_ALLOWED_HOSTS environment variable to allow requests from this host / port.
[2025-11-22T18:55:05.381Z] error: Host validation failed for: hub.crystalpine.dev. Hint: Set the HOMEPAGE_ALLOWED_HOSTS environment variable to allow requests from this host / port.
[2025-11-22T18:55:05.399Z] error: Host validation failed for: hub.crystalpine.dev. Hint: Set the HOMEPAGE_ALLOWED_HOSTS environment variable to allow requests from this host / port.
[2025-11-22T18:55:05.458Z] error: Host validation failed for: hub.crystalpine.dev. Hint: Set the HOMEPAGE_ALLOWED_HOSTS environment variable to allow requests from this host / port.
[2025-11-22T18:55:06.493Z] error: Host validation failed for: hub.crystalpine.dev. Hint: Set the HOMEPAGE_ALLOWED_HOSTS environment variable to allow requests from this host / port.
[2025-11-22T18:55:06.600Z] error: Host validation failed for: hub.crystalpine.dev. Hint: Set the HOMEPAGE_ALLOWED_HOSTS environment variable to allow requests from this host / port.
[2025-11-22T18:55:06.610Z] error: Host validation failed for: hub.crystalpine.dev. Hint: Set the HOMEPAGE_ALLOWED_HOSTS environment variable to allow requests from this host / port.
[2025-11-22T18:55:06.698Z] error: Host validation failed for: hub.crystalpine.dev. Hint: Set the HOMEPAGE_ALLOWED_HOSTS environment variable to allow requests from this host / port.
[2025-11-22T18:55:06.708Z] error: Host validation failed for: hub.crystalpine.dev. Hint: Set the HOMEPAGE_ALLOWED_HOSTS environment variable to allow requests from this host / port.
[2025-11-22T18:55:06.717Z] error: Host validation failed for: hub.crystalpine.dev. Hint: Set the HOMEPAGE_ALLOWED_HOSTS environment variable to allow requests from this host / port.
[2025-11-22T18:55:06.725Z] error: Host validation failed for: hub.crystalpine.dev. Hint: Set the HOMEPAGE_ALLOWED_HOSTS environment variable to allow requests from this host / port.
[2025-11-22T18:55:06.731Z] error: Host validation failed for: hub.crystalpine.dev. Hint: Set the HOMEPAGE_ALLOWED_HOSTS environment variable to allow requests from this host / port.
[2025-11-22T18:55:06.736Z] error: Host validation failed for: hub.crystalpine.dev. Hint: Set the HOMEPAGE_ALLOWED_HOSTS environment variable to allow requests from this host / port.
[2025-11-22T18:55:06.742Z] error: Host validation failed for: hub.crystalpine.dev. Hint: Set the HOMEPAGE_ALLOWED_HOSTS environment variable to allow requests from this host / port.
[2025-11-22T18:55:06.747Z] error: Host validation failed for: hub.crystalpine.dev. Hint: Set the HOMEPAGE_ALLOWED_HOSTS environment variable to allow requests from this host / port.
[2025-11-22T18:55:06.932Z] error: Host validation failed for: hub.crystalpine.dev. Hint: Set the HOMEPAGE_ALLOWED_HOSTS environment variable to allow requests from this host / port.
[2025-11-22T18:55:07.071Z] error: Host validation failed for: hub.crystalpine.dev. Hint: Set the HOMEPAGE_ALLOWED_HOSTS environment variable to allow requests from this host / port.
[2025-11-22T18:55:07.892Z] error: Host validation failed for: hub.crystalpine.dev. Hint: Set the HOMEPAGE_ALLOWED_HOSTS environment variable to allow requests from this host / port.
[2025-11-22T18:55:07.976Z] error: Host validation failed for: hub.crystalpine.dev. Hint: Set the HOMEPAGE_ALLOWED_HOSTS environment variable to allow requests from this host / port.
[2025-11-22T18:55:07.980Z] error: Host validation failed for: hub.crystalpine.dev. Hint: Set the HOMEPAGE_ALLOWED_HOSTS environment variable to allow requests from this host / port.
[2025-11-22T18:55:07.984Z] error: Host validation failed for: hub.crystalpine.dev. Hint: Set the HOMEPAGE_ALLOWED_HOSTS environment variable to allow requests from this host / port.
[2025-11-22T18:55:07.987Z] error: Host validation failed for: hub.crystalpine.dev. Hint: Set the HOMEPAGE_ALLOWED_HOSTS environment variable to allow requests from this host / port.
[2025-11-22T18:55:07.992Z] error: Host validation failed for: hub.crystalpine.dev. Hint: Set the HOMEPAGE_ALLOWED_HOSTS environment variable to allow requests from this host / port.
[2025-11-22T18:55:07.995Z] error: Host validation failed for: hub.crystalpine.dev. Hint: Set the HOMEPAGE_ALLOWED_HOSTS environment variable to allow requests from this host / port.
[2025-11-22T18:55:07.999Z] error: Host validation failed for: hub.crystalpine.dev. Hint: Set the HOMEPAGE_ALLOWED_HOSTS environment variable to allow requests from this host / port.
[2025-11-22T18:55:08.002Z] error: Host validation failed for: hub.crystalpine.dev. Hint: Set the HOMEPAGE_ALLOWED_HOSTS environment variable to allow requests from this host / port.
[2025-11-22T18:55:08.006Z] error: Host validation failed for: hub.crystalpine.dev. Hint: Set the HOMEPAGE_ALLOWED_HOSTS environment variable to allow requests from this host / port.
[2025-11-22T18:55:08.010Z] error: Host validation failed for: hub.crystalpine.dev. Hint: Set the HOMEPAGE_ALLOWED_HOSTS environment variable to allow requests from this host / port.
[2025-11-22T18:55:08.053Z] error: Host validation failed for: hub.crystalpine.dev. Hint: Set the HOMEPAGE_ALLOWED_HOSTS environment variable to allow requests from this host / port.
[2025-11-22T18:55:08.110Z] error: Host validation failed for: hub.crystalpine.dev. Hint: Set the HOMEPAGE_ALLOWED_HOSTS environment variable to allow requests from this host / port.
[2025-11-22T18:55:08.867Z] error: Host validation failed for: hub.crystalpine.dev. Hint: Set the HOMEPAGE_ALLOWED_HOSTS environment variable to allow requests from this host / port.
[2025-11-22T18:55:08.952Z] error: Host validation failed for: hub.crystalpine.dev. Hint: Set the HOMEPAGE_ALLOWED_HOSTS environment variable to allow requests from this host / port.
[2025-11-22T18:55:08.955Z] error: Host validation failed for: hub.crystalpine.dev. Hint: Set the HOMEPAGE_ALLOWED_HOSTS environment variable to allow requests from this host / port.
[2025-11-22T18:55:08.959Z] error: Host validation failed for: hub.crystalpine.dev. Hint: Set the HOMEPAGE_ALLOWED_HOSTS environment variable to allow requests from this host / port.
[2025-11-22T18:55:08.962Z] error: Host validation failed for: hub.crystalpine.dev. Hint: Set the HOMEPAGE_ALLOWED_HOSTS environment variable to allow requests from this host / port.
[2025-11-22T18:55:08.966Z] error: Host validation failed for: hub.crystalpine.dev. Hint: Set the HOMEPAGE_ALLOWED_HOSTS environment variable to allow requests from this host / port.
[2025-11-22T18:55:08.969Z] error: Host validation failed for: hub.crystalpine.dev. Hint: Set the HOMEPAGE_ALLOWED_HOSTS environment variable to allow requests from this host / port.
[2025-11-22T18:55:08.973Z] error: Host validation failed for: hub.crystalpine.dev. Hint: Set the HOMEPAGE_ALLOWED_HOSTS environment variable to allow requests from this host / port.
[2025-11-22T18:55:08.977Z] error: Host validation failed for: hub.crystalpine.dev. Hint: Set the HOMEPAGE_ALLOWED_HOSTS environment variable to allow requests from this host / port.
[2025-11-22T18:55:08.980Z] error: Host validation failed for: hub.crystalpine.dev. Hint: Set the HOMEPAGE_ALLOWED_HOSTS environment variable to allow requests from this host / port.
[2025-11-22T18:55:08.985Z] error: Host validation failed for: hub.crystalpine.dev. Hint: Set the HOMEPAGE_ALLOWED_HOSTS environment variable to allow requests from this host / port.
[2025-11-22T18:55:09.028Z] error: Host validation failed for: hub.crystalpine.dev. Hint: Set the HOMEPAGE_ALLOWED_HOSTS environment variable to allow requests from this host / port.
[2025-11-22T18:55:09.084Z] error: Host validation failed for: hub.crystalpine.dev. Hint: Set the HOMEPAGE_ALLOWED_HOSTS environment variable to allow requests from this host / port.
[2025-11-22T18:55:09.463Z] error: Host validation failed for: hub.crystalpine.dev. Hint: Set the HOMEPAGE_ALLOWED_HOSTS environment variable to allow requests from this host / port.
[2025-11-22T18:55:09.550Z] error: Host validation failed for: hub.crystalpine.dev. Hint: Set the HOMEPAGE_ALLOWED_HOSTS environment variable to allow requests from this host / port.
[2025-11-22T18:55:09.554Z] error: Host validation failed for: hub.crystalpine.dev. Hint: Set the HOMEPAGE_ALLOWED_HOSTS environment variable to allow requests from this host / port.
[2025-11-22T18:55:09.557Z] error: Host validation failed for: hub.crystalpine.dev. Hint: Set the HOMEPAGE_ALLOWED_HOSTS environment variable to allow requests from this host / port.
[2025-11-22T18:55:09.560Z] error: Host validation failed for: hub.crystalpine.dev. Hint: Set the HOMEPAGE_ALLOWED_HOSTS environment variable to allow requests from this host / port.
[2025-11-22T18:55:09.564Z] error: Host validation failed for: hub.crystalpine.dev. Hint: Set the HOMEPAGE_ALLOWED_HOSTS environment variable to allow requests from this host / port.
[2025-11-22T18:55:09.568Z] error: Host validation failed for: hub.crystalpine.dev. Hint: Set the HOMEPAGE_ALLOWED_HOSTS environment variable to allow requests from this host / port.
[2025-11-22T18:55:09.572Z] error: Host validation failed for: hub.crystalpine.dev. Hint: Set the HOMEPAGE_ALLOWED_HOSTS environment variable to allow requests from this host / port.
[2025-11-22T18:55:09.576Z] error: Host validation failed for: hub.crystalpine.dev. Hint: Set the HOMEPAGE_ALLOWED_HOSTS environment variable to allow requests from this host / port.
[2025-11-22T18:55:09.579Z] error: Host validation failed for: hub.crystalpine.dev. Hint: Set the HOMEPAGE_ALLOWED_HOSTS environment variable to allow requests from this host / port.
[2025-11-22T18:55:09.583Z] error: Host validation failed for: hub.crystalpine.dev. Hint: Set the HOMEPAGE_ALLOWED_HOSTS environment variable to allow requests from this host / port.
[2025-11-22T18:55:09.626Z] error: Host validation failed for: hub.crystalpine.dev. Hint: Set the HOMEPAGE_ALLOWED_HOSTS environment variable to allow requests from this host / port.
[2025-11-22T18:55:09.682Z] error: Host validation failed for: hub.crystalpine.dev. Hint: Set the HOMEPAGE_ALLOWED_HOSTS environment variable to allow requests from this host / port.
[2025-11-22T18:55:10.071Z] error: Host validation failed for: hub.crystalpine.dev. Hint: Set the HOMEPAGE_ALLOWED_HOSTS environment variable to allow requests from this host / port.
[2025-11-22T18:55:10.160Z] error: Host validation failed for: hub.crystalpine.dev. Hint: Set the HOMEPAGE_ALLOWED_HOSTS environment variable to allow requests from this host / port.
[2025-11-22T18:55:10.164Z] error: Host validation failed for: hub.crystalpine.dev. Hint: Set the HOMEPAGE_ALLOWED_HOSTS environment variable to allow requests from this host / port.
[2025-11-22T18:55:10.168Z] error: Host validation failed for: hub.crystalpine.dev. Hint: Set the HOMEPAGE_ALLOWED_HOSTS environment variable to allow requests from this host / port.
[2025-11-22T18:55:10.171Z] error: Host validation failed for: hub.crystalpine.dev. Hint: Set the HOMEPAGE_ALLOWED_HOSTS environment variable to allow requests from this host / port.
[2025-11-22T18:55:10.175Z] error: Host validation failed for: hub.crystalpine.dev. Hint: Set the HOMEPAGE_ALLOWED_HOSTS environment variable to allow requests from this host / port.
[2025-11-22T18:55:10.180Z] error: Host validation failed for: hub.crystalpine.dev. Hint: Set the HOMEPAGE_ALLOWED_HOSTS environment variable to allow requests from this host / port.
[2025-11-22T18:55:10.186Z] error: Host validation failed for: hub.crystalpine.dev. Hint: Set the HOMEPAGE_ALLOWED_HOSTS environment variable to allow requests from this host / port.
[2025-11-22T18:55:10.190Z] error: Host validation failed for: hub.crystalpine.dev. Hint: Set the HOMEPAGE_ALLOWED_HOSTS environment variable to allow requests from this host / port.
[2025-11-22T18:55:10.193Z] error: Host validation failed for: hub.crystalpine.dev. Hint: Set the HOMEPAGE_ALLOWED_HOSTS environment variable to allow requests from this host / port.
[2025-11-22T18:55:10.197Z] error: Host validation failed for: hub.crystalpine.dev. Hint: Set the HOMEPAGE_ALLOWED_HOSTS environment variable to allow requests from this host / port.
[2025-11-22T18:55:10.244Z] error: Host validation failed for: hub.crystalpine.dev. Hint: Set the HOMEPAGE_ALLOWED_HOSTS environment variable to allow requests from this host / port.
[2025-11-22T18:55:10.298Z] error: Host validation failed for: hub.crystalpine.dev. Hint: Set the HOMEPAGE_ALLOWED_HOSTS environment variable to allow requests from this host / port.
[2025-11-22T18:55:10.749Z] error: Host validation failed for: hub.crystalpine.dev. Hint: Set the HOMEPAGE_ALLOWED_HOSTS environment variable to allow requests from this host / port.
[2025-11-22T18:55:10.993Z] error: Host validation failed for: hub.crystalpine.dev. Hint: Set the HOMEPAGE_ALLOWED_HOSTS environment variable to allow requests from this host / port.
[2025-11-22T18:55:10.996Z] error: Host validation failed for: hub.crystalpine.dev. Hint: Set the HOMEPAGE_ALLOWED_HOSTS environment variable to allow requests from this host / port.
[2025-11-22T18:55:10.999Z] error: Host validation failed for: hub.crystalpine.dev. Hint: Set the HOMEPAGE_ALLOWED_HOSTS environment variable to allow requests from this host / port.
[2025-11-22T18:55:11.003Z] error: Host validation failed for: hub.crystalpine.dev. Hint: Set the HOMEPAGE_ALLOWED_HOSTS environment variable to allow requests from this host / port.
[2025-11-22T18:55:11.007Z] error: Host validation failed for: hub.crystalpine.dev. Hint: Set the HOMEPAGE_ALLOWED_HOSTS environment variable to allow requests from this host / port.
[2025-11-22T18:55:11.011Z] error: Host validation failed for: hub.crystalpine.dev. Hint: Set the HOMEPAGE_ALLOWED_HOSTS environment variable to allow requests from this host / port.
[2025-11-22T18:55:11.019Z] error: Host validation failed for: hub.crystalpine.dev. Hint: Set the HOMEPAGE_ALLOWED_HOSTS environment variable to allow requests from this host / port.
[2025-11-22T18:55:11.023Z] error: Host validation failed for: hub.crystalpine.dev. Hint: Set the HOMEPAGE_ALLOWED_HOSTS environment variable to allow requests from this host / port.
[2025-11-22T18:55:11.027Z] error: Host validation failed for: hub.crystalpine.dev. Hint: Set the HOMEPAGE_ALLOWED_HOSTS environment variable to allow requests from this host / port.
[2025-11-22T18:55:11.031Z] error: Host validation failed for: hub.crystalpine.dev. Hint: Set the HOMEPAGE_ALLOWED_HOSTS environment variable to allow requests from this host / port.
[2025-11-22T18:55:11.068Z] error: Host validation failed for: hub.crystalpine.dev. Hint: Set the HOMEPAGE_ALLOWED_HOSTS environment variable to allow requests from this host / port.
[2025-11-22T18:55:11.121Z] error: Host validation failed for: hub.crystalpine.dev. Hint: Set the HOMEPAGE_ALLOWED_HOSTS environment variable to allow requests from this host / port.
[2025-11-22T18:55:15.995Z] error: Host validation failed for: hub.crystalpine.dev. Hint: Set the HOMEPAGE_ALLOWED_HOSTS environment variable to allow requests from this host / port.
[2025-11-22T18:55:15.998Z] error: Host validation failed for: hub.crystalpine.dev. Hint: Set the HOMEPAGE_ALLOWED_HOSTS environment variable to allow requests from this host / port.
[2025-11-22T18:55:16.070Z] error: Host validation failed for: hub.crystalpine.dev. Hint: Set the HOMEPAGE_ALLOWED_HOSTS environment variable to allow requests from this host / port.
[2025-11-22T18:55:16.157Z] error: Host validation failed for: hub.crystalpine.dev. Hint: Set the HOMEPAGE_ALLOWED_HOSTS environment variable to allow requests from this host / port.
[2025-11-22T18:55:16.160Z] error: Host validation failed for: hub.crystalpine.dev. Hint: Set the HOMEPAGE_ALLOWED_HOSTS environment variable to allow requests from this host / port.
[2025-11-22T18:55:16.163Z] error: Host validation failed for: hub.crystalpine.dev. Hint: Set the HOMEPAGE_ALLOWED_HOSTS environment variable to allow requests from this host / port.
[2025-11-22T18:55:16.167Z] error: Host validation failed for: hub.crystalpine.dev. Hint: Set the HOMEPAGE_ALLOWED_HOSTS environment variable to allow requests from this host / port.
[2025-11-22T18:55:16.170Z] error: Host validation failed for: hub.crystalpine.dev. Hint: Set the HOMEPAGE_ALLOWED_HOSTS environment variable to allow requests from this host / port.
[2025-11-22T18:55:16.173Z] error: Host validation failed for: hub.crystalpine.dev. Hint: Set the HOMEPAGE_ALLOWED_HOSTS environment variable to allow requests from this host / port.
[2025-11-22T18:55:16.177Z] error: Host validation failed for: hub.crystalpine.dev. Hint: Set the HOMEPAGE_ALLOWED_HOSTS environment variable to allow requests from this host / port.
[2025-11-22T18:55:16.180Z] error: Host validation failed for: hub.crystalpine.dev. Hint: Set the HOMEPAGE_ALLOWED_HOSTS environment variable to allow requests from this host / port.
[2025-11-22T18:55:16.184Z] error: Host validation failed for: hub.crystalpine.dev. Hint: Set the HOMEPAGE_ALLOWED_HOSTS environment variable to allow requests from this host / port.
[2025-11-22T18:55:16.187Z] error: Host validation failed for: hub.crystalpine.dev. Hint: Set the HOMEPAGE_ALLOWED_HOSTS environment variable to allow requests from this host / port.
[2025-11-22T18:55:16.230Z] error: Host validation failed for: hub.crystalpine.dev. Hint: Set the HOMEPAGE_ALLOWED_HOSTS environment variable to allow requests from this host / port.
[2025-11-22T18:55:16.284Z] error: Host validation failed for: hub.crystalpine.dev. Hint: Set the HOMEPAGE_ALLOWED_HOSTS environment variable to allow requests from this host / port.
[2025-11-22T18:56:13.605Z] error: Host validation failed for: www.crystalpine.dev. Hint: Set the HOMEPAGE_ALLOWED_HOSTS environment variable to allow requests from this host / port.
[2025-11-22T19:03:00.574Z] info: bookmarks.yaml was copied to the config folder
[2025-11-22T19:03:00.575Z] info: proxmox.yaml was copied to the config folder
[2025-11-22T19:03:00.666Z] info: custom.css was copied to the config folder
[2025-11-22T19:03:00.667Z] info: custom.js was copied to the config folder
